[OUTPUT] 2025-06-23T01:46:18.027079 Running DLIO [Checkpointing] with 8 process(es)
[OUTPUT] 2025-06-23T01:46:18.066305 Total number of parameters in the model: 8030261248
[OUTPUT] 2025-06-23T01:46:41.700668 Model size: 14.957527 GB 
[OUTPUT] 2025-06-23T01:46:41.701387 Optimizer state size: 89.746994 GB 
[OUTPUT] 2025-06-23T01:46:41.701445 Total checkpoint size: 104.704521 GB 
[OUTPUT] 2025-06-23T01:46:41.701514 Checkpointing write started
[OUTPUT] 2025-06-23T01:46:46.706786 Starting saving checkpoint 1 after total step 1 for epoch 1
[OUTPUT] 2025-06-23T01:46:50.084434 Saved model checkpoint in 3.3772 seconds
[OUTPUT] 2025-06-23T01:47:09.291846 Saved optimizer checkpoint in 19.2072 seconds
[OUTPUT] 2025-06-23T01:47:09.292494 Finished saving checkpoint 1 for epoch 1 in 22.5857 s; Throughput: 4.6359 GB/s
[OUTPUT] 2025-06-23T01:47:17.799329 Starting saving checkpoint 2 after total step 2 for epoch 1
[OUTPUT] 2025-06-23T01:47:21.230921 Saved model checkpoint in 3.4314 seconds
[OUTPUT] 2025-06-23T01:47:37.711401 Saved optimizer checkpoint in 16.4803 seconds
[OUTPUT] 2025-06-23T01:47:37.712191 Finished saving checkpoint 2 for epoch 1 in 19.9129 s; Throughput: 5.2581 GB/s
[OUTPUT] 2025-06-23T01:47:44.735750 Starting saving checkpoint 3 after total step 3 for epoch 1
[OUTPUT] 2025-06-23T01:47:48.442953 Saved model checkpoint in 3.7070 seconds
[OUTPUT] 2025-06-23T01:48:07.472751 Saved optimizer checkpoint in 19.0296 seconds
[OUTPUT] 2025-06-23T01:48:07.472925 Finished saving checkpoint 3 for epoch 1 in 22.7372 s; Throughput: 4.6050 GB/s
[OUTPUT] 2025-06-23T01:48:15.698302 Starting saving checkpoint 4 after total step 4 for epoch 1
[OUTPUT] 2025-06-23T01:48:19.420130 Saved model checkpoint in 3.7216 seconds
[OUTPUT] 2025-06-23T01:48:34.865534 Saved optimizer checkpoint in 15.4452 seconds
[OUTPUT] 2025-06-23T01:48:34.865709 Finished saving checkpoint 4 for epoch 1 in 19.1674 s; Throughput: 5.4626 GB/s
[OUTPUT] 2025-06-23T01:48:43.082921 Starting saving checkpoint 5 after total step 5 for epoch 1
[OUTPUT] 2025-06-23T01:48:46.235765 Saved model checkpoint in 3.1526 seconds
[OUTPUT] 2025-06-23T01:49:03.751364 Saved optimizer checkpoint in 17.5154 seconds
[OUTPUT] 2025-06-23T01:49:03.751542 Finished saving checkpoint 5 for epoch 1 in 20.6686 s; Throughput: 5.0659 GB/s
[OUTPUT] 2025-06-23T01:49:11.301860 Starting saving checkpoint 6 after total step 6 for epoch 1
[OUTPUT] 2025-06-23T01:49:14.588771 Saved model checkpoint in 3.2867 seconds
[OUTPUT] 2025-06-23T01:49:33.749509 Saved optimizer checkpoint in 19.1605 seconds
[OUTPUT] 2025-06-23T01:49:33.749693 Finished saving checkpoint 6 for epoch 1 in 22.4478 s; Throughput: 4.6643 GB/s
[OUTPUT] 2025-06-23T01:49:42.057443 Starting saving checkpoint 7 after total step 7 for epoch 1
[OUTPUT] 2025-06-23T01:49:45.663258 Saved model checkpoint in 3.6056 seconds
[OUTPUT] 2025-06-23T01:50:06.156115 Saved optimizer checkpoint in 20.4927 seconds
[OUTPUT] 2025-06-23T01:50:06.156294 Finished saving checkpoint 7 for epoch 1 in 24.0989 s; Throughput: 4.3448 GB/s
[OUTPUT] 2025-06-23T01:50:14.127495 Starting saving checkpoint 8 after total step 8 for epoch 1
[OUTPUT] 2025-06-23T01:50:17.881779 Saved model checkpoint in 3.7541 seconds
[OUTPUT] 2025-06-23T01:50:33.808026 Saved optimizer checkpoint in 15.9261 seconds
[OUTPUT] 2025-06-23T01:50:33.808197 Finished saving checkpoint 8 for epoch 1 in 19.6807 s; Throughput: 5.3202 GB/s
[OUTPUT] 2025-06-23T01:50:41.359845 Starting saving checkpoint 9 after total step 9 for epoch 1
[OUTPUT] 2025-06-23T01:50:44.957868 Saved model checkpoint in 3.5978 seconds
[OUTPUT] 2025-06-23T01:51:05.789973 Saved optimizer checkpoint in 20.8319 seconds
[OUTPUT] 2025-06-23T01:51:05.790154 Finished saving checkpoint 9 for epoch 1 in 24.4303 s; Throughput: 4.2858 GB/s
[OUTPUT] 2025-06-23T01:51:12.265280 Starting saving checkpoint 10 after total step 10 for epoch 1
[OUTPUT] 2025-06-23T01:51:16.036407 Saved model checkpoint in 3.7709 seconds
[OUTPUT] 2025-06-23T01:51:34.418853 Saved optimizer checkpoint in 18.3823 seconds
[OUTPUT] 2025-06-23T01:51:34.419042 Finished saving checkpoint 10 for epoch 1 in 22.1538 s; Throughput: 4.7263 GB/s
[OUTPUT] 2025-06-23T01:51:34.420388 Checkpointing write finished
[OUTPUT] 2025-06-23T01:51:34.420485 Checkpointing read started
